<?xml version="1.0" encoding="UTF-8" ?>
<testsuite tests="15" failures="0" name="com.bank.model.AccountTest" time="0.093" errors="0" skipped="0">
  <properties>
    <property name="java.runtime.name" value="OpenJDK Runtime Environment"/>
    <property name="java.vm.version" value="11.0.11+9-Ubuntu-0ubuntu2.20.04"/>
    <property name="sun.boot.library.path" value="/usr/lib/jvm/java-11-openjdk-amd64/lib"/>
    <property name="maven.multiModuleProjectDirectory" value="/var/projects/Bank"/>
    <property name="java.vm.vendor" value="Ubuntu"/>
    <property name="java.vendor.url" value="https://ubuntu.com/"/>
    <property name="guice.disable.misplaced.annotation.check" value="true"/>
    <property name="path.separator" value=":"/>
    <property name="java.vm.name" value="OpenJDK 64-Bit Server VM"/>
    <property name="sun.os.patch.level" value="unknown"/>
    <property name="user.country" value="BR"/>
    <property name="sun.java.launcher" value="SUN_STANDARD"/>
    <property name="java.vm.specification.name" value="Java Virtual Machine Specification"/>
    <property name="user.dir" value="/var/projects/Bank"/>
    <property name="java.vm.compressedOopsMode" value="32-bit"/>
    <property name="java.runtime.version" value="11.0.11+9-Ubuntu-0ubuntu2.20.04"/>
    <property name="java.awt.graphicsenv" value="sun.awt.X11GraphicsEnvironment"/>
    <property name="os.arch" value="amd64"/>
    <property name="java.io.tmpdir" value="/tmp"/>
    <property name="line.separator" value="
"/>
    <property name="java.vm.specification.vendor" value="Oracle Corporation"/>
    <property name="os.name" value="Linux"/>
    <property name="https.protocols" value="TLSv1.2"/>
    <property name="classworlds.conf" value="/usr/share/maven/bin/m2.conf"/>
    <property name="sun.jnu.encoding" value="UTF-8"/>
    <property name="java.library.path" value="/usr/java/packages/lib:/usr/lib/x86_64-linux-gnu/jni:/lib/x86_64-linux-gnu:/usr/lib/x86_64-linux-gnu:/usr/lib/jni:/lib:/usr/lib"/>
    <property name="maven.conf" value="/usr/share/maven/conf"/>
    <property name="jdk.debug" value="release"/>
    <property name="java.class.version" value="55.0"/>
    <property name="java.specification.name" value="Java Platform API Specification"/>
    <property name="sun.management.compiler" value="HotSpot 64-Bit Tiered Compilers"/>
    <property name="os.version" value="5.8.0-53-generic"/>
    <property name="library.jansi.path" value="/usr/share/maven/lib/jansi-native"/>
    <property name="user.home" value="/home/andre"/>
    <property name="user.timezone" value="America/Sao_Paulo"/>
    <property name="java.awt.printerjob" value="sun.print.PSPrinterJob"/>
    <property name="file.encoding" value="UTF-8"/>
    <property name="java.specification.version" value="11"/>
    <property name="user.name" value="andre"/>
    <property name="java.class.path" value="/usr/share/maven/boot/plexus-classworlds-2.x.jar"/>
    <property name="java.vm.specification.version" value="11"/>
    <property name="sun.arch.data.model" value="64"/>
    <property name="sun.java.command" value="org.codehaus.plexus.classworlds.launcher.Launcher jacoco:prepare-agent install jacoco:report"/>
    <property name="java.home" value="/usr/lib/jvm/java-11-openjdk-amd64"/>
    <property name="user.language" value="pt"/>
    <property name="java.specification.vendor" value="Oracle Corporation"/>
    <property name="awt.toolkit" value="sun.awt.X11.XToolkit"/>
    <property name="java.vm.info" value="mixed mode, sharing"/>
    <property name="java.version" value="11.0.11"/>
    <property name="securerandom.source" value="file:/dev/./urandom"/>
    <property name="java.vendor" value="Ubuntu"/>
    <property name="maven.home" value="/usr/share/maven"/>
    <property name="file.separator" value="/"/>
    <property name="java.version.date" value="2021-04-20"/>
    <property name="java.vendor.url.bug" value="https://bugs.launchpad.net/ubuntu/+source/openjdk-lts"/>
    <property name="sun.io.unicode.encoding" value="UnicodeLittle"/>
    <property name="sun.cpu.endian" value="little"/>
    <property name="sun.desktop" value="gnome"/>
    <property name="sun.cpu.isalist" value=""/>
  </properties>
  <testcase classname="com.bank.model.AccountTest" name="com.bank.model.AccountTest.testAccountSuccessNumberWith6Digits" time="0.005"/>
  <testcase classname="com.bank.model.AccountTest" name="com.bank.model.AccountTest.testAccountFailureNumberEmptyOrNull" time="0.006"/>
  <testcase classname="com.bank.model.AccountTest" name="com.bank.model.AccountTest.testAccountFailureBalanceNull" time="0"/>
  <testcase classname="com.bank.model.AccountTest" name="com.bank.model.AccountTest.testAccountFailureNumberLess6Digits" time="0.001"/>
  <testcase classname="com.bank.model.AccountTest" name="com.bank.model.AccountTest.testAccountFailureNumberMore6Digits" time="0.001"/>
  <testcase classname="com.bank.model.AccountTest" name="com.bank.model.AccountTest.testAccountBalanceLessZero" time="0.001"/>
  <testcase classname="com.bank.model.AccountTest" name="com.bank.model.AccountTest.testDepositSuccess" time="0.001"/>
  <testcase classname="com.bank.model.AccountTest" name="com.bank.model.AccountTest.testDepositFailureValueZero" time="0.002"/>
  <testcase classname="com.bank.model.AccountTest" name="com.bank.model.AccountTest.testDepositFailureNegativeValue" time="0.001"/>
  <testcase classname="com.bank.model.AccountTest" name="com.bank.model.AccountTest.testWithdrawSuccess" time="0"/>
  <testcase classname="com.bank.model.AccountTest" name="com.bank.model.AccountTest.testWithdrawFailureValueZero" time="0.001"/>
  <testcase classname="com.bank.model.AccountTest" name="com.bank.model.AccountTest.testWithdrawFailureNegativeValue" time="0.001"/>
  <testcase classname="com.bank.model.AccountTest" name="com.bank.model.AccountTest.testWithdrawFailureUnderLimit" time="0.001"/>
  <testcase classname="com.bank.model.AccountTest" name="com.bank.model.AccountTest.testAccountToStringSuccess" time="0.072"/>
  <testcase classname="com.bank.model.AccountTest" name="com.bank.model.AccountTest.testAccountSuccess" time="0"/>
</testsuite>